[debug] [2022-11-08T04:38:31.743Z] ----------------------------------------------------------------------
[debug] [2022-11-08T04:38:31.749Z] Command:       C:\Program Files\nodejs\node.exe C:\Users\ruben\AppData\Roaming\npm\node_modules\firebase-tools\lib\bin\firebase.js init
[debug] [2022-11-08T04:38:31.751Z] CLI Version:   11.8.0
[debug] [2022-11-08T04:38:31.751Z] Platform:      win32
[debug] [2022-11-08T04:38:31.751Z] Node Version:  v16.13.1
[debug] [2022-11-08T04:38:31.758Z] Time:          Tue Nov 08 2022 01:38:31 GMT-0300 (Horário Padrão de Brasília)
[debug] [2022-11-08T04:38:31.759Z] ----------------------------------------------------------------------
[debug] 
[debug] [2022-11-08T04:38:31.768Z] >>> [apiv2][query] GET https://firebase-public.firebaseio.com/cli.json [none]
[debug] [2022-11-08T04:38:31.842Z] > command requires scopes: ["email","openid","https://www.googleapis.com/auth/cloudplatformprojects.readonly","https://www.googleapis.com/auth/firebase","https://www.googleapis.com/auth/cloud-platform"]
[debug] [2022-11-08T04:38:31.844Z] > authorizing via signed-in user (rubenfilipe.net@gmail.com)
[info] 
     ######## #### ########  ######## ########     ###     ######  ########
     ##        ##  ##     ## ##       ##     ##  ##   ##  ##       ##
     ######    ##  ########  ######   ########  #########  ######  ######
     ##        ##  ##    ##  ##       ##     ## ##     ##       ## ##
     ##       #### ##     ## ######## ########  ##     ##  ######  ########

You're about to initialize a Firebase project in this directory:

  C:\Users\ruben\git\api-gestor-fiscal\gestor-fiscal-front\src\pages

[debug] [2022-11-08T04:38:32.451Z] <<< [apiv2][status] GET https://firebase-public.firebaseio.com/cli.json 200
[debug] [2022-11-08T04:38:32.452Z] <<< [apiv2][body] GET https://firebase-public.firebaseio.com/cli.json {"cloudBuildErrorAfter":1594252800000,"cloudBuildWarnAfter":1590019200000,"defaultNode10After":1594252800000,"minVersion":"3.0.5","node8DeploysDisabledAfter":1613390400000,"node8RuntimeDisabledAfter":1615809600000,"node8WarnAfter":1600128000000}
